2023-08-03 16:09:21,948 [INFO] Initiating Weather Data Ingestion process.
2023-08-03 16:09:21,948 [INFO] Ingesting wx_data/USC00257715.txt
2023-08-03 16:09:22,001 [INFO] Ingesting wx_data/USC00113879.txt
2023-08-03 16:09:22,063 [INFO] Ingesting wx_data/USC00127935.txt
2023-08-03 16:09:22,112 [INFO] Ingesting wx_data/USC00112193.txt
2023-08-03 16:09:22,188 [INFO] Ingesting wx_data/USC00250640.txt
2023-08-03 16:09:22,241 [INFO] Ingesting wx_data/USC00257070.txt
2023-08-03 16:09:22,321 [INFO] Ingesting wx_data/USC00114442.txt
2023-08-03 16:09:22,374 [INFO] Ingesting wx_data/USC00115833.txt
2023-08-03 16:09:22,459 [INFO] Ingesting wx_data/USC00130133.txt
2023-08-03 16:09:22,510 [INFO] Ingesting wx_data/USC00132724.txt
2023-08-03 16:09:22,604 [INFO] Ingesting wx_data/USC00250130.txt
2023-08-03 16:09:22,650 [INFO] Ingesting wx_data/USC00256970.txt
2023-08-03 16:09:22,697 [INFO] Ingesting wx_data/USC00116446.txt
2023-08-03 16:09:22,792 [INFO] Ingesting wx_data/USC00253175.txt
2023-08-03 16:09:22,844 [INFO] Ingesting wx_data/USC00129113.txt
2023-08-03 16:09:22,896 [INFO] Ingesting wx_data/USC00134142.txt
2023-08-03 16:09:23,000 [INFO] Ingesting wx_data/USC00121229.txt
2023-08-03 16:09:23,029 [INFO] Ingesting wx_data/USC00116526.txt
2023-08-03 16:09:23,081 [INFO] Ingesting wx_data/USC00259510.txt
2023-08-03 16:09:23,122 [INFO] Ingesting wx_data/USC00255470.txt
2023-08-03 16:09:23,224 [INFO] Ingesting wx_data/USC00257515.txt
2023-08-03 16:09:23,275 [INFO] Ingesting wx_data/USC00258395.txt
2023-08-03 16:09:23,327 [INFO] Ingesting wx_data/USC00338313.txt
2023-08-03 16:09:23,373 [INFO] Ingesting wx_data/USC00131402.txt
2023-08-03 16:09:23,494 [INFO] Ingesting wx_data/USC00118916.txt
2023-08-03 16:09:23,546 [INFO] Ingesting wx_data/USC00124181.txt
2023-08-03 16:09:23,598 [INFO] Ingesting wx_data/USC00128036.txt
2023-08-03 16:09:23,649 [INFO] Ingesting wx_data/USC00126580.txt
2023-08-03 16:09:23,700 [INFO] Ingesting wx_data/USC00129670.txt
2023-08-03 16:09:23,836 [INFO] Ingesting wx_data/USC00115943.txt
2023-08-03 16:09:23,888 [INFO] Ingesting wx_data/USC00124008.txt
2023-08-03 16:09:23,914 [INFO] Ingesting wx_data/USC00116910.txt
2023-08-03 16:09:23,964 [INFO] Ingesting wx_data/USC00114108.txt
2023-08-03 16:09:24,015 [INFO] Ingesting wx_data/USC00127298.txt
2023-08-03 16:09:24,067 [INFO] Ingesting wx_data/USC00110187.txt
2023-08-03 16:09:24,211 [INFO] Ingesting wx_data/USC00253365.txt
2023-08-03 16:09:24,262 [INFO] Ingesting wx_data/USC00251200.txt
2023-08-03 16:09:24,313 [INFO] Ingesting wx_data/USC00112140.txt
2023-08-03 16:09:24,366 [INFO] Ingesting wx_data/USC00253615.txt
2023-08-03 16:09:24,417 [INFO] Ingesting wx_data/USC00255310.txt
2023-08-03 16:09:24,468 [INFO] Ingesting wx_data/USC00132864.txt
2023-08-03 16:09:24,626 [INFO] Ingesting wx_data/USC00129511.txt
2023-08-03 16:09:24,661 [INFO] Ingesting wx_data/USC00118740.txt
2023-08-03 16:09:24,712 [INFO] Ingesting wx_data/USC00333780.txt
2023-08-03 16:09:24,764 [INFO] Ingesting wx_data/USC00254900.txt
2023-08-03 16:09:24,816 [INFO] Ingesting wx_data/USC00255565.txt
2023-08-03 16:09:24,867 [INFO] Ingesting wx_data/USC00250435.txt
2023-08-03 16:09:24,918 [INFO] Ingesting wx_data/USC00252020.txt
2023-08-03 16:09:24,969 [INFO] Ingesting wx_data/USC00138296.txt
2023-08-03 16:09:25,020 [INFO] Ingesting wx_data/USC00132977.txt
2023-08-03 16:09:25,203 [INFO] Ingesting wx_data/USC00118147.txt
2023-08-03 16:09:25,251 [INFO] Ingesting wx_data/USC00250622.txt
2023-08-03 16:09:25,302 [INFO] Ingesting wx_data/USC00331592.txt
2023-08-03 16:09:25,354 [INFO] Ingesting wx_data/USC00258915.txt
2023-08-03 16:09:25,406 [INFO] Ingesting wx_data/USC00250420.txt
2023-08-03 16:09:25,456 [INFO] Ingesting wx_data/USC00338830.txt
2023-08-03 16:09:25,507 [INFO] Ingesting wx_data/USC00115515.txt
2023-08-03 16:09:25,537 [INFO] Ingesting wx_data/USC00120784.txt
2023-08-03 16:09:25,588 [INFO] Ingesting wx_data/USC00112483.txt
2023-08-03 16:09:25,640 [INFO] Ingesting wx_data/USC00332098.txt
2023-08-03 16:09:25,841 [INFO] Ingesting wx_data/USC00116579.txt
2023-08-03 16:09:25,890 [INFO] Ingesting wx_data/USC00137979.txt
2023-08-03 16:09:25,942 [INFO] Ingesting wx_data/USC00258480.txt
2023-08-03 16:09:25,993 [INFO] Ingesting wx_data/USC00258133.txt
2023-08-03 16:09:26,042 [INFO] Ingesting wx_data/USC00115712.txt
2023-08-03 16:09:26,095 [INFO] Ingesting wx_data/USC00331152.txt
2023-08-03 16:09:26,137 [INFO] Ingesting wx_data/USC00335297.txt
2023-08-03 16:09:26,182 [INFO] Ingesting wx_data/USC00334189.txt
2023-08-03 16:09:26,233 [INFO] Ingesting wx_data/USC00253660.txt
2023-08-03 16:09:26,285 [INFO] Ingesting wx_data/USC00137161.txt
2023-08-03 16:09:26,336 [INFO] Ingesting wx_data/USC00336600.txt
2023-08-03 16:09:26,563 [INFO] Ingesting wx_data/USC00253715.txt
2023-08-03 16:09:26,604 [INFO] Ingesting wx_data/USC00338822.txt
2023-08-03 16:09:26,658 [INFO] Ingesting wx_data/USC00256135.txt
2023-08-03 16:09:26,709 [INFO] Ingesting wx_data/USC00254440.txt
2023-08-03 16:09:26,760 [INFO] Ingesting wx_data/USC00132999.txt
2023-08-03 16:09:26,812 [INFO] Ingesting wx_data/USC00335041.txt
2023-08-03 16:09:26,863 [INFO] Ingesting wx_data/USC00331541.txt
2023-08-03 16:09:26,914 [INFO] Ingesting wx_data/USC00135952.txt
2023-08-03 16:09:26,965 [INFO] Ingesting wx_data/USC00256040.txt
2023-08-03 16:09:27,008 [INFO] Ingesting wx_data/USC00134735.txt
2023-08-03 16:09:27,059 [INFO] Ingesting wx_data/USC00123513.txt
2023-08-03 16:09:27,108 [INFO] Ingesting wx_data/USC00129557.txt
2023-08-03 16:09:27,160 [INFO] Ingesting wx_data/USC00114198.txt
2023-08-03 16:09:27,211 [INFO] Ingesting wx_data/USC00252820.txt
2023-08-03 16:09:27,470 [INFO] Ingesting wx_data/USC00120177.txt
2023-08-03 16:09:27,521 [INFO] Ingesting wx_data/USC00134894.txt
2023-08-03 16:09:27,574 [INFO] Ingesting wx_data/USC00130600.txt
2023-08-03 16:09:27,625 [INFO] Ingesting wx_data/USC00137147.txt
2023-08-03 16:09:27,679 [INFO] Ingesting wx_data/USC00116610.txt
2023-08-03 16:09:27,732 [INFO] Ingesting wx_data/USC00126705.txt
2023-08-03 16:09:27,784 [INFO] Ingesting wx_data/USC00339312.txt
2023-08-03 16:09:27,837 [INFO] Ingesting wx_data/USC00336196.txt
2023-08-03 16:09:27,891 [INFO] Ingesting wx_data/USC00134063.txt
2023-08-03 16:09:27,944 [INFO] Ingesting wx_data/USC00332119.txt
2023-08-03 16:09:27,971 [INFO] Ingesting wx_data/USC00120200.txt
2023-08-03 16:09:28,023 [INFO] Ingesting wx_data/USC00258465.txt
2023-08-03 16:09:28,074 [INFO] Ingesting wx_data/USC00115326.txt
2023-08-03 16:09:28,123 [INFO] Ingesting wx_data/USC00338769.txt
2023-08-03 16:09:28,174 [INFO] Ingesting wx_data/USC00116558.txt
2023-08-03 16:09:28,225 [INFO] Ingesting wx_data/USC00115079.txt
2023-08-03 16:09:28,554 [INFO] Ingesting wx_data/USC00253735.txt
2023-08-03 16:09:28,606 [INFO] Ingesting wx_data/USC00333758.txt
2023-08-03 16:09:28,657 [INFO] Ingesting wx_data/USC00335315.txt
2023-08-03 16:09:28,704 [INFO] Ingesting wx_data/USC00252205.txt
2023-08-03 16:09:28,756 [INFO] Ingesting wx_data/USC00125237.txt
2023-08-03 16:09:28,807 [INFO] Ingesting wx_data/USC00333375.txt
2023-08-03 16:09:28,858 [INFO] Ingesting wx_data/USC00338552.txt
2023-08-03 16:09:28,910 [INFO] Ingesting wx_data/USC00132789.txt
2023-08-03 16:09:28,961 [INFO] Ingesting wx_data/USC00250375.txt
2023-08-03 16:09:29,012 [INFO] Ingesting wx_data/USC00138688.txt
2023-08-03 16:09:29,069 [INFO] Ingesting wx_data/USC00115901.txt
2023-08-03 16:09:29,120 [INFO] Ingesting wx_data/USC00122149.txt
2023-08-03 16:09:29,165 [INFO] Ingesting wx_data/USC00114823.txt
2023-08-03 16:09:29,216 [INFO] Ingesting wx_data/USC00110338.txt
2023-08-03 16:09:29,267 [INFO] Ingesting wx_data/USC00121873.txt
2023-08-03 16:09:29,317 [INFO] Ingesting wx_data/USC00123527.txt
2023-08-03 16:09:29,369 [INFO] Ingesting wx_data/USC00127755.txt
2023-08-03 16:09:29,411 [INFO] Ingesting wx_data/USC00111436.txt
2023-08-03 16:09:29,462 [INFO] Ingesting wx_data/USC00110072.txt
2023-08-03 16:09:29,824 [INFO] Ingesting wx_data/USC00131533.txt
2023-08-03 16:09:29,876 [INFO] Ingesting wx_data/USC00135769.txt
2023-08-03 16:09:29,927 [INFO] Ingesting wx_data/USC00135796.txt
2023-08-03 16:09:29,978 [INFO] Ingesting wx_data/USC00119241.txt
2023-08-03 16:09:30,030 [INFO] Ingesting wx_data/USC00336781.txt
2023-08-03 16:09:30,081 [INFO] Ingesting wx_data/USC00254110.txt
2023-08-03 16:09:30,131 [INFO] Ingesting wx_data/USC00253910.txt
2023-08-03 16:09:30,183 [INFO] Ingesting wx_data/USC00253630.txt
2023-08-03 16:09:30,235 [INFO] Ingesting wx_data/USC00126001.txt
2023-08-03 16:09:30,285 [INFO] Ingesting wx_data/USC00255080.txt
2023-08-03 16:09:30,330 [INFO] Ingesting wx_data/USC00117551.txt
2023-08-03 16:09:30,383 [INFO] Ingesting wx_data/USC00121747.txt
2023-08-03 16:09:30,435 [INFO] Ingesting wx_data/USC00127875.txt
2023-08-03 16:09:30,475 [INFO] Ingesting wx_data/USC00127646.txt
2023-08-03 16:09:30,526 [INFO] Ingesting wx_data/USC00111280.txt
2023-08-03 16:09:30,570 [INFO] Ingesting wx_data/USC00121425.txt
2023-08-03 16:09:30,598 [INFO] Ingesting wx_data/USC00129253.txt
2023-08-03 16:09:30,647 [INFO] Ingesting wx_data/USC00250070.txt
2023-08-03 16:09:30,691 [INFO] Ingesting wx_data/USC00252840.txt
2023-08-03 16:09:30,738 [INFO] Ingesting wx_data/USC00116738.txt
2023-08-03 16:09:30,776 [INFO] Ingesting wx_data/USC00253035.txt
2023-08-03 16:09:30,787 [INFO] Ingesting wx_data/USC00130112.txt
2023-08-03 16:09:30,837 [INFO] Ingesting wx_data/USC00338534.txt
2023-08-03 16:09:30,886 [INFO] Ingesting wx_data/USC00115768.txt
2023-08-03 16:09:30,937 [INFO] Ingesting wx_data/USC00131635.txt
2023-08-03 16:09:31,367 [INFO] Ingesting wx_data/USC00251145.txt
2023-08-03 16:09:31,421 [INFO] Ingesting wx_data/USC00252100.txt
2023-08-03 16:09:31,473 [INFO] Ingesting wx_data/USC00119354.txt
2023-08-03 16:09:31,524 [INFO] Ingesting wx_data/USC00113335.txt
2023-08-03 16:09:31,574 [INFO] Ingesting wx_data/USC00256570.txt
2023-08-03 16:09:31,625 [INFO] Ingesting wx_data/USC00124837.txt
2023-08-03 16:09:31,677 [INFO] Ingesting wx_data/USC00112348.txt
2023-08-03 16:09:31,722 [INFO] Ingesting wx_data/USC00332791.txt
2023-08-03 16:09:31,774 [INFO] Ingesting wx_data/USC00336118.txt
2023-08-03 16:09:31,827 [INFO] Ingesting wx_data/USC00129080.txt
2023-08-03 16:09:31,863 [INFO] Ingesting wx_data/USC00127522.txt
2023-08-03 16:09:31,915 [INFO] Ingesting wx_data/USC00125337.txt
2023-08-03 16:09:31,966 [INFO] Ingesting wx_data/USC00123418.txt
2023-08-03 16:09:32,018 [INFO] Ingesting wx_data/USC00127482.txt
2023-08-03 16:09:32,069 [INFO] Ingesting wx_data/USC00121030.txt
2023-08-03 16:09:32,118 [INFO] Ingesting wx_data/USC00253185.txt
2023-08-03 16:09:32,170 [INFO] Ingesting wx_data/USC00331072.txt
2023-08-03 16:09:32,222 [INFO] Ingesting wx_data/USC00120676.txt
2023-08-03 16:09:32,272 [INFO] Ingesting wx_data/USC00127125.txt
2023-08-03 16:09:32,325 [INFO] Ingesting wx_data/USC00331890.txt
2023-08-03 16:09:32,388 [INFO] Ingesting wx_data/USC00254985.txt
2023-08-03 16:09:32,435 [INFO] Ingesting wx_data/USC00259090.txt
2023-08-03 16:10:08,501 [INFO] Weather Data Ingestion process completed successfully
2023-08-03 16:10:08,502 [INFO] Time taken: 46.553577	 Number of records inserted: 1729957
2023-08-03 16:10:10,193 [INFO] Executed Successfully
2023-08-03 17:09:26,124 [INFO] Initiating Weather Data Ingestion process.
2023-08-03 17:09:26,126 [INFO] Ingesting wx_data/USC00257715.txt
2023-08-03 17:09:26,177 [INFO] Ingesting wx_data/USC00113879.txt
2023-08-03 17:09:26,238 [INFO] Ingesting wx_data/USC00127935.txt
2023-08-03 17:09:26,285 [INFO] Ingesting wx_data/USC00112193.txt
2023-08-03 17:09:26,357 [INFO] Ingesting wx_data/USC00250640.txt
2023-08-03 17:09:26,408 [INFO] Ingesting wx_data/USC00257070.txt
2023-08-03 17:09:26,488 [INFO] Ingesting wx_data/USC00114442.txt
2023-08-03 17:09:26,538 [INFO] Ingesting wx_data/USC00115833.txt
2023-08-03 17:09:26,621 [INFO] Ingesting wx_data/USC00130133.txt
2023-08-03 17:09:26,672 [INFO] Ingesting wx_data/USC00132724.txt
2023-08-03 17:09:26,760 [INFO] Ingesting wx_data/USC00250130.txt
2023-08-03 17:09:26,805 [INFO] Ingesting wx_data/USC00256970.txt
2023-08-03 17:09:26,851 [INFO] Ingesting wx_data/USC00116446.txt
2023-08-03 17:09:26,948 [INFO] Ingesting wx_data/USC00253175.txt
2023-08-03 17:09:26,999 [INFO] Ingesting wx_data/USC00129113.txt
2023-08-03 17:09:27,049 [INFO] Ingesting wx_data/USC00134142.txt
2023-08-03 17:09:27,152 [INFO] Ingesting wx_data/USC00121229.txt
2023-08-03 17:09:27,181 [INFO] Ingesting wx_data/USC00116526.txt
2023-08-03 17:09:27,232 [INFO] Ingesting wx_data/USC00259510.txt
2023-08-03 17:09:27,272 [INFO] Ingesting wx_data/USC00255470.txt
2023-08-03 17:09:27,372 [INFO] Ingesting wx_data/USC00257515.txt
2023-08-03 17:09:27,419 [INFO] Ingesting wx_data/USC00258395.txt
2023-08-03 17:09:27,469 [INFO] Ingesting wx_data/USC00338313.txt
2023-08-03 17:09:27,514 [INFO] Ingesting wx_data/USC00131402.txt
2023-08-03 17:09:27,634 [INFO] Ingesting wx_data/USC00118916.txt
2023-08-03 17:09:27,685 [INFO] Ingesting wx_data/USC00124181.txt
2023-08-03 17:09:27,734 [INFO] Ingesting wx_data/USC00128036.txt
2023-08-03 17:09:27,784 [INFO] Ingesting wx_data/USC00126580.txt
2023-08-03 17:09:27,834 [INFO] Ingesting wx_data/USC00129670.txt
2023-08-03 17:09:27,967 [INFO] Ingesting wx_data/USC00115943.txt
2023-08-03 17:09:28,017 [INFO] Ingesting wx_data/USC00124008.txt
2023-08-03 17:09:28,043 [INFO] Ingesting wx_data/USC00116910.txt
2023-08-03 17:09:28,093 [INFO] Ingesting wx_data/USC00114108.txt
2023-08-03 17:09:28,143 [INFO] Ingesting wx_data/USC00127298.txt
2023-08-03 17:09:28,194 [INFO] Ingesting wx_data/USC00110187.txt
2023-08-03 17:09:28,336 [INFO] Ingesting wx_data/USC00253365.txt
2023-08-03 17:09:28,386 [INFO] Ingesting wx_data/USC00251200.txt
2023-08-03 17:09:28,436 [INFO] Ingesting wx_data/USC00112140.txt
2023-08-03 17:09:28,488 [INFO] Ingesting wx_data/USC00253615.txt
2023-08-03 17:09:28,538 [INFO] Ingesting wx_data/USC00255310.txt
2023-08-03 17:09:28,588 [INFO] Ingesting wx_data/USC00132864.txt
2023-08-03 17:09:28,747 [INFO] Ingesting wx_data/USC00129511.txt
2023-08-03 17:09:28,780 [INFO] Ingesting wx_data/USC00118740.txt
2023-08-03 17:09:28,830 [INFO] Ingesting wx_data/USC00333780.txt
2023-08-03 17:09:28,880 [INFO] Ingesting wx_data/USC00254900.txt
2023-08-03 17:09:28,930 [INFO] Ingesting wx_data/USC00255565.txt
2023-08-03 17:09:28,980 [INFO] Ingesting wx_data/USC00250435.txt
2023-08-03 17:09:29,032 [INFO] Ingesting wx_data/USC00252020.txt
2023-08-03 17:09:29,081 [INFO] Ingesting wx_data/USC00138296.txt
2023-08-03 17:09:29,130 [INFO] Ingesting wx_data/USC00132977.txt
2023-08-03 17:09:29,318 [INFO] Ingesting wx_data/USC00118147.txt
2023-08-03 17:09:29,365 [INFO] Ingesting wx_data/USC00250622.txt
2023-08-03 17:09:29,415 [INFO] Ingesting wx_data/USC00331592.txt
2023-08-03 17:09:29,466 [INFO] Ingesting wx_data/USC00258915.txt
2023-08-03 17:09:29,518 [INFO] Ingesting wx_data/USC00250420.txt
2023-08-03 17:09:29,565 [INFO] Ingesting wx_data/USC00338830.txt
2023-08-03 17:09:29,616 [INFO] Ingesting wx_data/USC00115515.txt
2023-08-03 17:09:29,646 [INFO] Ingesting wx_data/USC00120784.txt
2023-08-03 17:09:29,695 [INFO] Ingesting wx_data/USC00112483.txt
2023-08-03 17:09:29,748 [INFO] Ingesting wx_data/USC00332098.txt
2023-08-03 17:09:29,956 [INFO] Ingesting wx_data/USC00116579.txt
2023-08-03 17:09:30,005 [INFO] Ingesting wx_data/USC00137979.txt
2023-08-03 17:09:30,057 [INFO] Ingesting wx_data/USC00258480.txt
2023-08-03 17:09:30,111 [INFO] Ingesting wx_data/USC00258133.txt
2023-08-03 17:09:30,154 [INFO] Ingesting wx_data/USC00115712.txt
2023-08-03 17:09:30,204 [INFO] Ingesting wx_data/USC00331152.txt
2023-08-03 17:09:30,246 [INFO] Ingesting wx_data/USC00335297.txt
2023-08-03 17:09:30,291 [INFO] Ingesting wx_data/USC00334189.txt
2023-08-03 17:09:30,343 [INFO] Ingesting wx_data/USC00253660.txt
2023-08-03 17:09:30,394 [INFO] Ingesting wx_data/USC00137161.txt
2023-08-03 17:09:30,452 [INFO] Ingesting wx_data/USC00336600.txt
2023-08-03 17:09:30,686 [INFO] Ingesting wx_data/USC00253715.txt
2023-08-03 17:09:30,728 [INFO] Ingesting wx_data/USC00338822.txt
2023-08-03 17:09:30,793 [INFO] Ingesting wx_data/USC00256135.txt
2023-08-03 17:09:30,844 [INFO] Ingesting wx_data/USC00254440.txt
2023-08-03 17:09:30,894 [INFO] Ingesting wx_data/USC00132999.txt
2023-08-03 17:09:30,944 [INFO] Ingesting wx_data/USC00335041.txt
2023-08-03 17:09:30,995 [INFO] Ingesting wx_data/USC00331541.txt
2023-08-03 17:09:31,047 [INFO] Ingesting wx_data/USC00135952.txt
2023-08-03 17:09:31,097 [INFO] Ingesting wx_data/USC00256040.txt
2023-08-03 17:09:31,140 [INFO] Ingesting wx_data/USC00134735.txt
2023-08-03 17:09:31,190 [INFO] Ingesting wx_data/USC00123513.txt
2023-08-03 17:09:31,240 [INFO] Ingesting wx_data/USC00129557.txt
2023-08-03 17:09:31,292 [INFO] Ingesting wx_data/USC00114198.txt
2023-08-03 17:09:31,342 [INFO] Ingesting wx_data/USC00252820.txt
2023-08-03 17:09:31,610 [INFO] Ingesting wx_data/USC00120177.txt
2023-08-03 17:09:31,660 [INFO] Ingesting wx_data/USC00134894.txt
2023-08-03 17:09:31,710 [INFO] Ingesting wx_data/USC00130600.txt
2023-08-03 17:09:31,760 [INFO] Ingesting wx_data/USC00137147.txt
2023-08-03 17:09:31,813 [INFO] Ingesting wx_data/USC00116610.txt
2023-08-03 17:09:31,864 [INFO] Ingesting wx_data/USC00126705.txt
2023-08-03 17:09:31,913 [INFO] Ingesting wx_data/USC00339312.txt
2023-08-03 17:09:31,964 [INFO] Ingesting wx_data/USC00336196.txt
2023-08-03 17:09:32,014 [INFO] Ingesting wx_data/USC00134063.txt
2023-08-03 17:09:32,064 [INFO] Ingesting wx_data/USC00332119.txt
2023-08-03 17:09:32,090 [INFO] Ingesting wx_data/USC00120200.txt
2023-08-03 17:09:32,141 [INFO] Ingesting wx_data/USC00258465.txt
2023-08-03 17:09:32,191 [INFO] Ingesting wx_data/USC00115326.txt
2023-08-03 17:09:32,255 [INFO] Ingesting wx_data/USC00338769.txt
2023-08-03 17:09:32,357 [INFO] Ingesting wx_data/USC00116558.txt
2023-08-03 17:09:32,410 [INFO] Ingesting wx_data/USC00115079.txt
2023-08-03 17:09:32,797 [INFO] Ingesting wx_data/USC00253735.txt
2023-08-03 17:09:32,853 [INFO] Ingesting wx_data/USC00333758.txt
2023-08-03 17:09:32,913 [INFO] Ingesting wx_data/USC00335315.txt
2023-08-03 17:09:32,968 [INFO] Ingesting wx_data/USC00252205.txt
2023-08-03 17:09:33,045 [INFO] Ingesting wx_data/USC00125237.txt
2023-08-03 17:09:33,096 [INFO] Ingesting wx_data/USC00333375.txt
2023-08-03 17:09:33,172 [INFO] Ingesting wx_data/USC00338552.txt
2023-08-03 17:09:33,223 [INFO] Ingesting wx_data/USC00132789.txt
2023-08-03 17:09:33,276 [INFO] Ingesting wx_data/USC00250375.txt
2023-08-03 17:09:33,327 [INFO] Ingesting wx_data/USC00138688.txt
2023-08-03 17:09:33,378 [INFO] Ingesting wx_data/USC00115901.txt
2023-08-03 17:09:33,428 [INFO] Ingesting wx_data/USC00122149.txt
2023-08-03 17:09:33,474 [INFO] Ingesting wx_data/USC00114823.txt
2023-08-03 17:09:33,526 [INFO] Ingesting wx_data/USC00110338.txt
2023-08-03 17:09:33,577 [INFO] Ingesting wx_data/USC00121873.txt
2023-08-03 17:09:33,628 [INFO] Ingesting wx_data/USC00123527.txt
2023-08-03 17:09:33,678 [INFO] Ingesting wx_data/USC00127755.txt
2023-08-03 17:09:33,719 [INFO] Ingesting wx_data/USC00111436.txt
2023-08-03 17:09:33,773 [INFO] Ingesting wx_data/USC00110072.txt
2023-08-03 17:09:34,205 [INFO] Ingesting wx_data/USC00131533.txt
2023-08-03 17:09:34,259 [INFO] Ingesting wx_data/USC00135769.txt
2023-08-03 17:09:34,309 [INFO] Ingesting wx_data/USC00135796.txt
2023-08-03 17:09:34,361 [INFO] Ingesting wx_data/USC00119241.txt
2023-08-03 17:09:34,411 [INFO] Ingesting wx_data/USC00336781.txt
2023-08-03 17:09:34,462 [INFO] Ingesting wx_data/USC00254110.txt
2023-08-03 17:09:34,513 [INFO] Ingesting wx_data/USC00253910.txt
2023-08-03 17:09:34,567 [INFO] Ingesting wx_data/USC00253630.txt
2023-08-03 17:09:34,622 [INFO] Ingesting wx_data/USC00126001.txt
2023-08-03 17:09:34,672 [INFO] Ingesting wx_data/USC00255080.txt
2023-08-03 17:09:34,716 [INFO] Ingesting wx_data/USC00117551.txt
2023-08-03 17:09:34,766 [INFO] Ingesting wx_data/USC00121747.txt
2023-08-03 17:09:34,818 [INFO] Ingesting wx_data/USC00127875.txt
2023-08-03 17:09:34,859 [INFO] Ingesting wx_data/USC00127646.txt
2023-08-03 17:09:34,912 [INFO] Ingesting wx_data/USC00111280.txt
2023-08-03 17:09:34,955 [INFO] Ingesting wx_data/USC00121425.txt
2023-08-03 17:09:34,982 [INFO] Ingesting wx_data/USC00129253.txt
2023-08-03 17:09:35,038 [INFO] Ingesting wx_data/USC00250070.txt
2023-08-03 17:09:35,153 [INFO] Ingesting wx_data/USC00252840.txt
2023-08-03 17:09:35,229 [INFO] Ingesting wx_data/USC00116738.txt
2023-08-03 17:09:35,282 [INFO] Ingesting wx_data/USC00253035.txt
2023-08-03 17:09:35,294 [INFO] Ingesting wx_data/USC00130112.txt
2023-08-03 17:09:35,356 [INFO] Ingesting wx_data/USC00338534.txt
2023-08-03 17:09:35,407 [INFO] Ingesting wx_data/USC00115768.txt
2023-08-03 17:09:35,459 [INFO] Ingesting wx_data/USC00131635.txt
2023-08-03 17:09:35,965 [INFO] Ingesting wx_data/USC00251145.txt
2023-08-03 17:09:36,015 [INFO] Ingesting wx_data/USC00252100.txt
2023-08-03 17:09:36,068 [INFO] Ingesting wx_data/USC00119354.txt
2023-08-03 17:09:36,119 [INFO] Ingesting wx_data/USC00113335.txt
2023-08-03 17:09:36,170 [INFO] Ingesting wx_data/USC00256570.txt
2023-08-03 17:09:36,219 [INFO] Ingesting wx_data/USC00124837.txt
2023-08-03 17:09:36,271 [INFO] Ingesting wx_data/USC00112348.txt
2023-08-03 17:09:36,316 [INFO] Ingesting wx_data/USC00332791.txt
2023-08-03 17:09:36,370 [INFO] Ingesting wx_data/USC00336118.txt
2023-08-03 17:09:36,421 [INFO] Ingesting wx_data/USC00129080.txt
2023-08-03 17:09:36,469 [INFO] Ingesting wx_data/USC00127522.txt
2023-08-03 17:09:36,630 [INFO] Ingesting wx_data/USC00125337.txt
2023-08-03 17:09:36,682 [INFO] Ingesting wx_data/USC00123418.txt
2023-08-03 17:09:36,733 [INFO] Ingesting wx_data/USC00127482.txt
2023-08-03 17:09:36,784 [INFO] Ingesting wx_data/USC00121030.txt
2023-08-03 17:09:36,831 [INFO] Ingesting wx_data/USC00253185.txt
2023-08-03 17:09:36,881 [INFO] Ingesting wx_data/USC00331072.txt
2023-08-03 17:09:36,931 [INFO] Ingesting wx_data/USC00120676.txt
2023-08-03 17:09:36,981 [INFO] Ingesting wx_data/USC00127125.txt
2023-08-03 17:09:37,032 [INFO] Ingesting wx_data/USC00331890.txt
2023-08-03 17:09:37,103 [INFO] Ingesting wx_data/USC00254985.txt
2023-08-03 17:09:37,151 [INFO] Ingesting wx_data/USC00259090.txt
2023-08-03 17:10:16,125 [INFO] Weather Data Ingestion process completed successfully
2023-08-03 17:10:16,126 [INFO] Time taken: 50.000965	 Number of records inserted: 1729957
2023-08-03 17:10:17,945 [INFO] Executed Successfully
